20230618	09:35:28	6ec53ffc-41a1-40a9-a6db-16e0b036977c	GET	/	undefined
20230618	09:35:28	725c2961-9201-4e30-9b70-ba5e403f69aa	GET	/css/styles.css	undefined
20230618	18:10:53	b33366b6-2984-40cb-bc20-5cd0bb0adb19	GET	/users	undefined
20230618	18:10:53	7f4c7582-c963-4185-9f27-1de8a367dce6	GET	/favicon.ico	undefined
20230618	18:10:58	a2d6f7c5-9356-459e-b317-6ad29381daea	GET	/	undefined
20230618	18:10:58	56865140-5374-4237-be6c-57fc74a047d3	GET	/css/styles.css	undefined
20230618	18:11:04	87184482-fdde-4094-bb96-36f50e31f2a5	GET	/users	undefined
20230618	18:14:18	f30b3bf6-7cfe-44e8-b948-21fbeb512ca5	POST	/users	undefined
20230618	18:14:27	9a2eb51b-b987-470e-9d68-66211d75c770	POST	/users	undefined
20230618	18:14:55	b57626b1-1e2f-4813-abb0-8b934ee05f0e	POST	/users	undefined
20230618	18:15:36	4cb4a978-b9d1-4f62-b733-b68e290da360	POST	/users	undefined
20230618	18:16:03	12bd9245-1873-4681-8123-6674c6aacdae	POST	/users	undefined
20230618	18:16:55	cacdcc85-9ec5-4d68-9034-409550393229	POST	/users	undefined
20230618	18:17:13	68330291-6a15-424e-8003-391da953cb32	POST	/users	undefined
20230618	18:17:30	e59a9175-196a-4259-a518-217457fee2a0	POST	/users	undefined
20230618	18:18:06	6090f946-fa7f-4836-9a3d-97fdf7919d01	POST	/users	undefined
20230618	18:18:46	28068145-614d-4a78-acc5-9ac154bb581b	POST	/users	undefined
20230618	18:19:20	ba87149d-e853-4a5e-895f-42945d114008	POST	/users	undefined
20230618	18:19:36	728c9342-8573-467c-99ba-c3500a147fbf	POST	/users	undefined
20230618	18:19:55	646ddaf6-8a46-4e7e-b1b7-75f69971b975	POST	/users	undefined
20230618	18:19:59	2ac21df1-51f8-40c5-b24f-182ca99eef12	POST	/users	undefined
20230618	18:20:36	593c2146-fb44-4a6c-8fd6-41017b8119f8	GET	/users	undefined
20230618	18:24:24	38721077-189d-48d5-99d9-d5ab394be668	GET	/users	undefined
20230618	18:24:29	74f26de3-559a-41d4-a910-05fe2d33f2ac	POST	/users	undefined
20230618	18:24:53	98df4f51-9176-4971-82b7-3f8b0acbefa8	POST	/users	undefined
20230618	18:25:05	9f38d457-6eda-4e48-9da4-f9bc9556d1c4	POST	/users	undefined
20230618	18:25:36	b7a0b18f-233f-4a04-ba38-6ae5581f13aa	POST	/users	undefined
20230618	18:25:43	a30d07f9-5580-4eb5-b795-4eaae4007ced	POST	/users	undefined
20230618	18:25:52	a148a34d-5bfa-480e-9b47-341e691587ef	POST	/users	undefined
20230618	18:26:01	02507f48-20d1-4c32-9b67-df1ef6ff0299	POST	/users	undefined
20230618	18:26:10	26b985d0-300b-4cf1-9410-f1511c303003	POST	/users	undefined
20230618	18:26:14	fe403edb-41bf-4547-9bc3-82d953f37f27	POST	/users	undefined
20230618	18:26:24	11cfa8fa-2e5d-46ff-8a8a-d16ce6fa587c	POST	/users	undefined
20230618	18:27:27	f2b9e2a8-502e-4a15-ae82-7a809f32210d	POST	/users	undefined
20230618	18:27:37	08d7144b-e96c-449f-8635-0b82f5650fb7	POST	/users	undefined
20230618	18:32:25	f138aac7-efb6-44e0-839d-62c4474de4c7	POST	/users	undefined
20230618	18:32:33	a683bfef-5539-4e8d-85c0-99acd9f4e10e	POST	/users	undefined
20230618	18:35:11	b6e70708-3c5f-4663-bfeb-b2363caf84e9	POST	/users	undefined
20230618	18:35:16	dcf8fc76-4856-48d4-8a9c-787ce109f9a9	GET	/users	undefined
20230618	18:36:01	2e84c5d6-9f55-40be-b210-3c495a148b3f	PATCH	/users	undefined
20230618	18:36:12	8048b5f3-1bfe-4d53-8da6-a4ce9ef46988	PATCH	/users	undefined
20230618	18:36:44	0a343fb5-c1a6-41a9-ae4d-f2c7290644a9	PATCH	/users	undefined
20230618	18:36:51	9ef2fe97-61a6-487e-af88-b4f2f8dc6444	PATCH	/users	undefined
20230618	18:36:57	b9e057ab-2dbd-47c7-9f05-0cb0e1d66aa7	GET	/users	undefined
20230618	18:37:26	5dd6ab27-1431-442e-8125-0bd31e8da73a	PATCH	/users	undefined
20230618	18:38:22	68ea9fc9-3c6f-4fd5-8043-9d75fb63646c	PATCH	/users	undefined
20230618	18:38:46	93cbb630-fa97-422f-a99e-12697cc8b00f	PATCH	/users	undefined
20230618	18:40:36	a0c808a0-9aa2-4247-8214-42bc78e7dfca	POST	/users	undefined
20230618	18:40:42	f903b4f6-35a1-45a1-aff2-b3e4c5774cff	GET	/users	undefined
20230618	18:41:16	adacaf7c-27f0-4870-8ffb-ce8e34608c1d	PATCH	/users	undefined
20230618	18:41:47	8dff905c-6ffb-414b-9f18-9516b31f575e	PATCH	/users	undefined
20230618	18:42:05	c79ed8fb-9d79-44fb-bee4-a9fd95be467b	PATCH	/users	undefined
20230618	18:42:11	0ba33b3e-44ca-4123-881d-d06cc6dfb291	PATCH	/users	undefined
20230618	18:42:21	e82c8273-5573-439d-adae-694686eb535a	PATCH	/users	undefined
20230618	18:44:19	7f5f0e65-73fa-48ae-9903-c4a458ebfa5a	PATCH	/users	undefined
20230618	18:45:52	837931a0-ab45-4141-989d-044692541d4a	PATCH	/users	undefined
20230618	18:48:30	da50c2b7-0439-4f4b-a547-685d204de5d1	GET	/users	undefined
20230618	18:49:37	4471461d-0df6-419a-af33-333257ff9066	GET	/users	undefined
20230618	18:49:46	3a5f07d7-0656-4ac2-910b-c9bdf399a4ee	PATCH	/users	undefined
20230618	18:50:11	eb27df09-6f14-46e0-90db-a9556d84455d	PATCH	/users	undefined
20230618	18:50:36	0f7764d4-82ce-43d7-9544-ede067b9565c	PATCH	/users	undefined
20230618	18:51:31	323332cc-8121-469c-ac5b-fa79a096d82c	PATCH	/users	undefined
20230618	18:51:52	bfdd6cc9-a243-4d43-9f06-e8b84cb81ab9	PATCH	/users	undefined
20230618	18:52:57	2344d62c-57a8-41a0-a73f-cbd417853e07	PATCH	/users	undefined
20230618	18:53:09	6774d5a8-074a-4020-b98c-a30ae461597f	PATCH	/users	undefined
20230618	18:53:18	6d5db0db-29ec-4e3c-9e01-815976a2e64b	PATCH	/users	undefined
